[debug] [2022-05-02T05:18:19.045Z] ----------------------------------------------------------------------
[debug] [2022-05-02T05:18:19.047Z] Command:       C:\Program Files\nodejs\node.exe C:\Users\martz\AppData\Roaming\npm\node_modules\firebase-tools\lib\bin\firebase.js init
[debug] [2022-05-02T05:18:19.047Z] CLI Version:   10.7.2
[debug] [2022-05-02T05:18:19.047Z] Platform:      win32
[debug] [2022-05-02T05:18:19.047Z] Node Version:  v16.14.0
[debug] [2022-05-02T05:18:19.048Z] Time:          Mon May 02 2022 00:18:19 GMT-0500 (hora estándar de Colombia)
[debug] [2022-05-02T05:18:19.048Z] ----------------------------------------------------------------------
[debug] 
[debug] [2022-05-02T05:18:19.053Z] > command requires scopes: ["email","openid","https://www.googleapis.com/auth/cloudplatformprojects.readonly","https://www.googleapis.com/auth/firebase","https://www.googleapis.com/auth/cloud-platform"]
[debug] [2022-05-02T05:18:19.053Z] > authorizing via signed-in user (martzluna.hm@gmail.com)
[info] 
     ######## #### ########  ######## ########     ###     ######  ########
     ##        ##  ##     ## ##       ##     ##  ##   ##  ##       ##
     ######    ##  ########  ######   ########  #########  ######  ######
     ##        ##  ##    ##  ##       ##     ## ##     ##       ## ##
     ##       #### ##     ## ######## ########  ##     ##  ######  ########

You're about to initialize a Firebase project in this directory:

  C:\Users\martz\OneDrive\Escritorio\programación\prueba-tecnica-clima\climatico

[info] 
=== Project Setup
[info] 
[info] First, let's associate this project directory with a Firebase project.
[info] You can create multiple project aliases by running firebase use --add, 
[info] but for now we'll just set up a default project.
[info] 
[debug] [2022-05-02T05:19:16.250Z] >>> [apiv2][query] GET https://firebase.googleapis.com/v1beta1/projects pageSize=100
[debug] [2022-05-02T05:19:16.732Z] <<< [apiv2][status] GET https://firebase.googleapis.com/v1beta1/projects 200
[debug] [2022-05-02T05:19:16.732Z] <<< [apiv2][body] GET https://firebase.googleapis.com/v1beta1/projects [omitted]
[info] i  Using project as-c2cf3 (amazonas) 
[info] 
=== Database Setup
[info] i  database: ensuring required API firebasedatabase.googleapis.com is enabled... 
[debug] [2022-05-02T05:19:23.354Z] >>> [apiv2][query] GET https://serviceusage.googleapis.com/v1/projects/as-c2cf3/services/firebasedatabase.googleapis.com [none]
[debug] [2022-05-02T05:19:23.924Z] <<< [apiv2][status] GET https://serviceusage.googleapis.com/v1/projects/as-c2cf3/services/firebasedatabase.googleapis.com 200
[debug] [2022-05-02T05:19:23.924Z] <<< [apiv2][body] GET https://serviceusage.googleapis.com/v1/projects/as-c2cf3/services/firebasedatabase.googleapis.com [omitted]
[warn] !  database: missing required API firebasedatabase.googleapis.com. Enabling now... 
[debug] [2022-05-02T05:19:23.924Z] >>> [apiv2][query] POST https://serviceusage.googleapis.com/v1/projects/as-c2cf3/services/firebasedatabase.googleapis.com:enable [none]
[debug] [2022-05-02T05:19:24.898Z] <<< [apiv2][status] POST https://serviceusage.googleapis.com/v1/projects/as-c2cf3/services/firebasedatabase.googleapis.com:enable 200
[debug] [2022-05-02T05:19:24.898Z] <<< [apiv2][body] POST https://serviceusage.googleapis.com/v1/projects/as-c2cf3/services/firebasedatabase.googleapis.com:enable [omitted]
[debug] [2022-05-02T05:19:37.599Z] ----------------------------------------------------------------------
[debug] [2022-05-02T05:19:37.601Z] Command:       C:\Program Files\nodejs\node.exe C:\Users\martz\AppData\Roaming\npm\node_modules\firebase-tools\lib\bin\firebase.js init
[debug] [2022-05-02T05:19:37.601Z] CLI Version:   10.7.2
[debug] [2022-05-02T05:19:37.601Z] Platform:      win32
[debug] [2022-05-02T05:19:37.601Z] Node Version:  v16.14.0
[debug] [2022-05-02T05:19:37.602Z] Time:          Mon May 02 2022 00:19:37 GMT-0500 (hora estándar de Colombia)
[debug] [2022-05-02T05:19:37.602Z] ----------------------------------------------------------------------
[debug] 
[debug] [2022-05-02T05:19:37.608Z] > command requires scopes: ["email","openid","https://www.googleapis.com/auth/cloudplatformprojects.readonly","https://www.googleapis.com/auth/firebase","https://www.googleapis.com/auth/cloud-platform"]
[debug] [2022-05-02T05:19:37.608Z] > authorizing via signed-in user (martzluna.hm@gmail.com)
[info] 
     ######## #### ########  ######## ########     ###     ######  ########
     ##        ##  ##     ## ##       ##     ##  ##   ##  ##       ##
     ######    ##  ########  ######   ########  #########  ######  ######
     ##        ##  ##    ##  ##       ##     ## ##     ##       ## ##
     ##       #### ##     ## ######## ########  ##     ##  ######  ########

You're about to initialize a Firebase project in this directory:

  C:\Users\martz\OneDrive\Escritorio\programación\prueba-tecnica-clima\climatico

[debug] [2022-05-02T05:20:20.223Z] ----------------------------------------------------------------------
[debug] [2022-05-02T05:20:20.225Z] Command:       C:\Program Files\nodejs\node.exe C:\Users\martz\AppData\Roaming\npm\node_modules\firebase-tools\lib\bin\firebase.js init
[debug] [2022-05-02T05:20:20.225Z] CLI Version:   10.7.2
[debug] [2022-05-02T05:20:20.225Z] Platform:      win32
[debug] [2022-05-02T05:20:20.225Z] Node Version:  v16.14.0
[debug] [2022-05-02T05:20:20.226Z] Time:          Mon May 02 2022 00:20:20 GMT-0500 (hora estándar de Colombia)
[debug] [2022-05-02T05:20:20.226Z] ----------------------------------------------------------------------
[debug] 
[debug] [2022-05-02T05:20:20.232Z] > command requires scopes: ["email","openid","https://www.googleapis.com/auth/cloudplatformprojects.readonly","https://www.googleapis.com/auth/firebase","https://www.googleapis.com/auth/cloud-platform"]
[debug] [2022-05-02T05:20:20.232Z] > authorizing via signed-in user (martzluna.hm@gmail.com)
[info] 
     ######## #### ########  ######## ########     ###     ######  ########
     ##        ##  ##     ## ##       ##     ##  ##   ##  ##       ##
     ######    ##  ########  ######   ########  #########  ######  ######
     ##        ##  ##    ##  ##       ##     ## ##     ##       ## ##
     ##       #### ##     ## ######## ########  ##     ##  ######  ########

You're about to initialize a Firebase project in this directory:

  C:\Users\martz\OneDrive\Escritorio\programación\prueba-tecnica-clima\climatico

[info] 
=== Project Setup
[info] 
[info] First, let's associate this project directory with a Firebase project.
[info] You can create multiple project aliases by running firebase use --add, 
[info] but for now we'll just set up a default project.
[info] 
[debug] [2022-05-02T05:27:02.966Z] >>> [apiv2][query] GET https://firebase.googleapis.com/v1beta1/projects pageSize=100
[debug] [2022-05-02T05:27:03.423Z] <<< [apiv2][status] GET https://firebase.googleapis.com/v1beta1/projects 200
[debug] [2022-05-02T05:27:03.424Z] <<< [apiv2][body] GET https://firebase.googleapis.com/v1beta1/projects [omitted]
[debug] [2022-05-02T05:29:43.358Z] ----------------------------------------------------------------------
[debug] [2022-05-02T05:29:43.359Z] Command:       C:\Program Files\nodejs\node.exe C:\Users\martz\AppData\Roaming\npm\node_modules\firebase-tools\lib\bin\firebase.js init
[debug] [2022-05-02T05:29:43.359Z] CLI Version:   10.7.2
[debug] [2022-05-02T05:29:43.359Z] Platform:      win32
[debug] [2022-05-02T05:29:43.359Z] Node Version:  v16.14.0
[debug] [2022-05-02T05:29:43.360Z] Time:          Mon May 02 2022 00:29:43 GMT-0500 (hora estándar de Colombia)
[debug] [2022-05-02T05:29:43.360Z] ----------------------------------------------------------------------
[debug] 
[debug] [2022-05-02T05:29:43.366Z] > command requires scopes: ["email","openid","https://www.googleapis.com/auth/cloudplatformprojects.readonly","https://www.googleapis.com/auth/firebase","https://www.googleapis.com/auth/cloud-platform"]
[debug] [2022-05-02T05:29:43.366Z] > authorizing via signed-in user (martzluna.hm@gmail.com)
[info] 
     ######## #### ########  ######## ########     ###     ######  ########
     ##        ##  ##     ## ##       ##     ##  ##   ##  ##       ##
     ######    ##  ########  ######   ########  #########  ######  ######
     ##        ##  ##    ##  ##       ##     ## ##     ##       ## ##
     ##       #### ##     ## ######## ########  ##     ##  ######  ########

You're about to initialize a Firebase project in this directory:

  C:\Users\martz\OneDrive\Escritorio\programación\prueba-tecnica-clima\climatico

[info] 
=== Project Setup
[info] 
[info] First, let's associate this project directory with a Firebase project.
[info] You can create multiple project aliases by running firebase use --add, 
[info] but for now we'll just set up a default project.
[info] 
[debug] [2022-05-02T05:30:03.593Z] >>> [apiv2][query] GET https://firebase.googleapis.com/v1beta1/projects pageSize=100
[debug] [2022-05-02T05:30:04.093Z] <<< [apiv2][status] GET https://firebase.googleapis.com/v1beta1/projects 200
[debug] [2022-05-02T05:30:04.093Z] <<< [apiv2][body] GET https://firebase.googleapis.com/v1beta1/projects [omitted]
[debug] [2022-05-02T05:32:08.613Z] ----------------------------------------------------------------------
[debug] [2022-05-02T05:32:08.615Z] Command:       C:\Program Files\nodejs\node.exe C:\Users\martz\AppData\Roaming\npm\node_modules\firebase-tools\lib\bin\firebase.js init
[debug] [2022-05-02T05:32:08.615Z] CLI Version:   10.7.2
[debug] [2022-05-02T05:32:08.615Z] Platform:      win32
[debug] [2022-05-02T05:32:08.615Z] Node Version:  v16.14.0
[debug] [2022-05-02T05:32:08.616Z] Time:          Mon May 02 2022 00:32:08 GMT-0500 (hora estándar de Colombia)
[debug] [2022-05-02T05:32:08.616Z] ----------------------------------------------------------------------
[debug] 
[debug] [2022-05-02T05:32:08.623Z] > command requires scopes: ["email","openid","https://www.googleapis.com/auth/cloudplatformprojects.readonly","https://www.googleapis.com/auth/firebase","https://www.googleapis.com/auth/cloud-platform"]
[debug] [2022-05-02T05:32:08.623Z] > authorizing via signed-in user (martzluna.hm@gmail.com)
[info] 
     ######## #### ########  ######## ########     ###     ######  ########
     ##        ##  ##     ## ##       ##     ##  ##   ##  ##       ##
     ######    ##  ########  ######   ########  #########  ######  ######
     ##        ##  ##    ##  ##       ##     ## ##     ##       ## ##
     ##       #### ##     ## ######## ########  ##     ##  ######  ########

You're about to initialize a Firebase project in this directory:

  C:\Users\martz\OneDrive\Escritorio\programación\prueba-tecnica-clima\climatico

[info] 
=== Project Setup
[info] 
[info] First, let's associate this project directory with a Firebase project.
[info] You can create multiple project aliases by running firebase use --add, 
[info] but for now we'll just set up a default project.
[info] 
[debug] [2022-05-02T05:32:21.282Z] >>> [apiv2][query] GET https://firebase.googleapis.com/v1beta1/projects pageSize=100
[debug] [2022-05-02T05:32:21.814Z] <<< [apiv2][status] GET https://firebase.googleapis.com/v1beta1/projects 200
[debug] [2022-05-02T05:32:21.814Z] <<< [apiv2][body] GET https://firebase.googleapis.com/v1beta1/projects [omitted]
[info] i  Using project prueba-tecnica-clima (prueba tecnica clima) 
[info] 
=== Database Setup
[info] i  database: ensuring required API firebasedatabase.googleapis.com is enabled... 
[debug] [2022-05-02T05:32:24.730Z] >>> [apiv2][query] GET https://serviceusage.googleapis.com/v1/projects/prueba-tecnica-clima/services/firebasedatabase.googleapis.com [none]
[debug] [2022-05-02T05:32:25.370Z] <<< [apiv2][status] GET https://serviceusage.googleapis.com/v1/projects/prueba-tecnica-clima/services/firebasedatabase.googleapis.com 200
[debug] [2022-05-02T05:32:25.370Z] <<< [apiv2][body] GET https://serviceusage.googleapis.com/v1/projects/prueba-tecnica-clima/services/firebasedatabase.googleapis.com [omitted]
[warn] !  database: missing required API firebasedatabase.googleapis.com. Enabling now... 
[debug] [2022-05-02T05:32:25.371Z] >>> [apiv2][query] POST https://serviceusage.googleapis.com/v1/projects/prueba-tecnica-clima/services/firebasedatabase.googleapis.com:enable [none]
[debug] [2022-05-02T05:32:26.555Z] <<< [apiv2][status] POST https://serviceusage.googleapis.com/v1/projects/prueba-tecnica-clima/services/firebasedatabase.googleapis.com:enable 200
[debug] [2022-05-02T05:32:26.555Z] <<< [apiv2][body] POST https://serviceusage.googleapis.com/v1/projects/prueba-tecnica-clima/services/firebasedatabase.googleapis.com:enable [omitted]
[debug] [2022-05-02T05:32:36.557Z] >>> [apiv2][query] GET https://serviceusage.googleapis.com/v1/projects/prueba-tecnica-clima/services/firebasedatabase.googleapis.com [none]
[debug] [2022-05-02T05:32:37.114Z] <<< [apiv2][status] GET https://serviceusage.googleapis.com/v1/projects/prueba-tecnica-clima/services/firebasedatabase.googleapis.com 200
[debug] [2022-05-02T05:32:37.114Z] <<< [apiv2][body] GET https://serviceusage.googleapis.com/v1/projects/prueba-tecnica-clima/services/firebasedatabase.googleapis.com [omitted]
[info] +  database: required API firebasedatabase.googleapis.com is enabled 
[info] 
[debug] [2022-05-02T05:32:37.116Z] >>> [apiv2][query] GET https://firebase.googleapis.com/v1beta1/projects/prueba-tecnica-clima [none]
[debug] [2022-05-02T05:32:37.418Z] <<< [apiv2][status] GET https://firebase.googleapis.com/v1beta1/projects/prueba-tecnica-clima 200
[debug] [2022-05-02T05:32:37.418Z] <<< [apiv2][body] GET https://firebase.googleapis.com/v1beta1/projects/prueba-tecnica-clima {"projectId":"prueba-tecnica-clima","projectNumber":"263773120052","displayName":"prueba tecnica clima","name":"projects/prueba-tecnica-clima","resources":{"hostingSite":"prueba-tecnica-clima","storageBucket":"prueba-tecnica-clima.appspot.com","locationId":"us-central"},"state":"ACTIVE"}
[debug] [2022-05-02T05:33:10.675Z] > refreshing access token with scopes: ["email","https://www.googleapis.com/auth/cloud-platform","https://www.googleapis.com/auth/cloudplatformprojects.readonly","https://www.googleapis.com/auth/firebase","openid"]
[debug] [2022-05-02T05:33:10.676Z] >>> HTTP REQUEST POST https://www.googleapis.com/oauth2/v3/token  
 <request body omitted>
[debug] [2022-05-02T05:33:10.822Z] <<< HTTP RESPONSE 200 {"expires":"Mon, 01 Jan 1990 00:00:00 GMT","cache-control":"no-cache, no-store, max-age=0, must-revalidate","pragma":"no-cache","date":"Mon, 02 May 2022 05:33:11 GMT","content-type":"application/json; charset=utf-8","vary":"X-Origin, Referer, Origin,Accept-Encoding","server":"scaffolding on HTTPServer2","x-xss-protection":"0","x-frame-options":"SAMEORIGIN","x-content-type-options":"nosniff","alt-svc":"h3=\":443\"; ma=2592000,h3-29=\":443\"; ma=2592000,h3-Q050=\":443\"; ma=2592000,h3-Q046=\":443\"; ma=2592000,h3-Q043=\":443\"; ma=2592000,quic=\":443\"; ma=2592000; v=\"46,43\"","accept-ranges":"none","transfer-encoding":"chunked"}
[debug] [2022-05-02T05:33:10.832Z] >>> HTTP REQUEST POST https://firebasedatabase.googleapis.com/v1beta/projects/prueba-tecnica-clima/locations/us-central1/instances?databaseId=prueba-tecnica-clima-default-rtdb&validateOnly=true  
 {"type":"default_database"}
[debug] [2022-05-02T05:33:11.327Z] <<< HTTP RESPONSE 200 {"content-type":"application/json; charset=UTF-8","vary":"X-Origin, Referer, Origin,Accept-Encoding","date":"Mon, 02 May 2022 05:33:11 GMT","server":"ESF","cache-control":"private","x-xss-protection":"0","x-frame-options":"SAMEORIGIN","x-content-type-options":"nosniff","alt-svc":"h3=\":443\"; ma=2592000,h3-29=\":443\"; ma=2592000,h3-Q050=\":443\"; ma=2592000,h3-Q046=\":443\"; ma=2592000,h3-Q043=\":443\"; ma=2592000,quic=\":443\"; ma=2592000; v=\"46,43\"","accept-ranges":"none","transfer-encoding":"chunked"}
[debug] [2022-05-02T05:33:11.328Z] >>> HTTP REQUEST POST https://firebasedatabase.googleapis.com/v1beta/projects/prueba-tecnica-clima/locations/us-central1/instances?databaseId=prueba-tecnica-clima-default-rtdb  
 {"type":"default_database"}
[debug] [2022-05-02T05:33:12.037Z] <<< HTTP RESPONSE 200 {"content-type":"application/json; charset=UTF-8","vary":"X-Origin, Referer, Origin,Accept-Encoding","date":"Mon, 02 May 2022 05:33:12 GMT","server":"ESF","cache-control":"private","x-xss-protection":"0","x-frame-options":"SAMEORIGIN","x-content-type-options":"nosniff","alt-svc":"h3=\":443\"; ma=2592000,h3-29=\":443\"; ma=2592000,h3-Q050=\":443\"; ma=2592000,h3-Q046=\":443\"; ma=2592000,h3-Q043=\":443\"; ma=2592000,quic=\":443\"; ma=2592000; v=\"46,43\"","accept-ranges":"none","transfer-encoding":"chunked"}
[info] 
[info] Firebase Realtime Database Security Rules allow you to define how your data should be
[info] structured and when your data can be read from and written to.
[info] 
[debug] [2022-05-02T05:33:44.909Z] >>> HTTP REQUEST GET https://prueba-tecnica-clima-default-rtdb.firebaseio.com/.settings/rules.json  
 
[debug] [2022-05-02T05:33:45.642Z] <<< HTTP RESPONSE 200 {"server":"nginx","date":"Mon, 02 May 2022 05:33:45 GMT","content-type":"application/json; charset=utf-8","content-length":"161","connection":"keep-alive","access-control-allow-origin":"*","cache-control":"no-cache","strict-transport-security":"max-age=31556926; includeSubDomains; preload"}
[info] +  Database Rules for prueba-tecnica-clima-default-rtdb have been written to database.rules.json. 
[info] Future modifications to database.rules.json will update Realtime Database Security Rules when you run
[info] firebase deploy.
[info] 
=== Firestore Setup
[debug] [2022-05-02T05:33:45.645Z] > refreshing access token with scopes: []
[debug] [2022-05-02T05:33:45.645Z] >>> HTTP REQUEST POST https://www.googleapis.com/oauth2/v3/token  
 <request body omitted>
[debug] [2022-05-02T05:33:45.791Z] <<< HTTP RESPONSE 200 {"pragma":"no-cache","cache-control":"no-cache, no-store, max-age=0, must-revalidate","date":"Mon, 02 May 2022 05:33:46 GMT","expires":"Mon, 01 Jan 1990 00:00:00 GMT","content-type":"application/json; charset=utf-8","vary":"X-Origin, Referer, Origin,Accept-Encoding","server":"scaffolding on HTTPServer2","x-xss-protection":"0","x-frame-options":"SAMEORIGIN","x-content-type-options":"nosniff","alt-svc":"h3=\":443\"; ma=2592000,h3-29=\":443\"; ma=2592000,h3-Q050=\":443\"; ma=2592000,h3-Q046=\":443\"; ma=2592000,h3-Q043=\":443\"; ma=2592000,quic=\":443\"; ma=2592000; v=\"46,43\"","accept-ranges":"none","transfer-encoding":"chunked"}
[debug] [2022-05-02T05:33:45.801Z] >>> [apiv2][query] GET https://serviceusage.googleapis.com/v1/projects/prueba-tecnica-clima/services/firestore.googleapis.com [none]
[debug] [2022-05-02T05:33:46.376Z] <<< [apiv2][status] GET https://serviceusage.googleapis.com/v1/projects/prueba-tecnica-clima/services/firestore.googleapis.com 200
[debug] [2022-05-02T05:33:46.376Z] <<< [apiv2][body] GET https://serviceusage.googleapis.com/v1/projects/prueba-tecnica-clima/services/firestore.googleapis.com [omitted]
[debug] [2022-05-02T05:33:46.377Z] > refreshing access token with scopes: ["email","https://www.googleapis.com/auth/cloud-platform","https://www.googleapis.com/auth/cloudplatformprojects.readonly","https://www.googleapis.com/auth/firebase","openid"]
[debug] [2022-05-02T05:33:46.377Z] >>> HTTP REQUEST POST https://www.googleapis.com/oauth2/v3/token  
 <request body omitted>
[debug] [2022-05-02T05:33:46.513Z] <<< HTTP RESPONSE 200 {"expires":"Mon, 01 Jan 1990 00:00:00 GMT","pragma":"no-cache","date":"Mon, 02 May 2022 05:33:46 GMT","cache-control":"no-cache, no-store, max-age=0, must-revalidate","content-type":"application/json; charset=utf-8","vary":"X-Origin, Referer, Origin,Accept-Encoding","server":"scaffolding on HTTPServer2","x-xss-protection":"0","x-frame-options":"SAMEORIGIN","x-content-type-options":"nosniff","alt-svc":"h3=\":443\"; ma=2592000,h3-29=\":443\"; ma=2592000,h3-Q050=\":443\"; ma=2592000,h3-Q046=\":443\"; ma=2592000,h3-Q043=\":443\"; ma=2592000,quic=\":443\"; ma=2592000; v=\"46,43\"","accept-ranges":"none","transfer-encoding":"chunked"}
[debug] [2022-05-02T05:33:46.522Z] >>> HTTP REQUEST GET https://appengine.googleapis.com/v1/apps/prueba-tecnica-clima  
 
[debug] [2022-05-02T05:33:47.099Z] <<< HTTP RESPONSE 200 {"content-type":"application/json; charset=UTF-8","vary":"X-Origin, Referer, Origin,Accept-Encoding","date":"Mon, 02 May 2022 05:33:47 GMT","server":"ESF","cache-control":"private","x-xss-protection":"0","x-frame-options":"SAMEORIGIN","x-content-type-options":"nosniff","alt-svc":"h3=\":443\"; ma=2592000,h3-29=\":443\"; ma=2592000,h3-Q050=\":443\"; ma=2592000,h3-Q046=\":443\"; ma=2592000,h3-Q043=\":443\"; ma=2592000,quic=\":443\"; ma=2592000; v=\"46,43\"","accept-ranges":"none","transfer-encoding":"chunked"}
[debug] [2022-05-02T05:33:47.100Z] database_type: CLOUD_FIRESTORE
[debug] [2022-05-02T05:33:47.100Z] > command requires scopes: ["email","openid","https://www.googleapis.com/auth/cloudplatformprojects.readonly","https://www.googleapis.com/auth/firebase","https://www.googleapis.com/auth/cloud-platform"]
[debug] [2022-05-02T05:33:47.100Z] > authorizing via signed-in user (martzluna.hm@gmail.com)
[debug] [2022-05-02T05:33:47.100Z] [iam] checking project prueba-tecnica-clima for permissions ["firebase.projects.get"]
[debug] [2022-05-02T05:33:47.100Z] > refreshing access token with scopes: []
[debug] [2022-05-02T05:33:47.100Z] >>> HTTP REQUEST POST https://www.googleapis.com/oauth2/v3/token  
 <request body omitted>
[debug] [2022-05-02T05:33:47.249Z] <<< HTTP RESPONSE 200 {"pragma":"no-cache","cache-control":"no-cache, no-store, max-age=0, must-revalidate","date":"Mon, 02 May 2022 05:33:47 GMT","expires":"Mon, 01 Jan 1990 00:00:00 GMT","content-type":"application/json; charset=utf-8","vary":"X-Origin, Referer, Origin,Accept-Encoding","server":"scaffolding on HTTPServer2","x-xss-protection":"0","x-frame-options":"SAMEORIGIN","x-content-type-options":"nosniff","alt-svc":"h3=\":443\"; ma=2592000,h3-29=\":443\"; ma=2592000,h3-Q050=\":443\"; ma=2592000,h3-Q046=\":443\"; ma=2592000,h3-Q043=\":443\"; ma=2592000,quic=\":443\"; ma=2592000; v=\"46,43\"","accept-ranges":"none","transfer-encoding":"chunked"}
[debug] [2022-05-02T05:33:47.259Z] >>> [apiv2][query] POST https://cloudresourcemanager.googleapis.com/v1/projects/prueba-tecnica-clima:testIamPermissions [none]
[debug] [2022-05-02T05:33:47.259Z] >>> [apiv2][body] POST https://cloudresourcemanager.googleapis.com/v1/projects/prueba-tecnica-clima:testIamPermissions {"permissions":["firebase.projects.get"]}
[debug] [2022-05-02T05:33:47.733Z] <<< [apiv2][status] POST https://cloudresourcemanager.googleapis.com/v1/projects/prueba-tecnica-clima:testIamPermissions 200
[debug] [2022-05-02T05:33:47.734Z] <<< [apiv2][body] POST https://cloudresourcemanager.googleapis.com/v1/projects/prueba-tecnica-clima:testIamPermissions {"permissions":["firebase.projects.get"]}
[info] 
[info] Firestore Security Rules allow you to define how and when to allow
[info] requests. You can keep these rules in your project directory
[info] and publish them with firebase deploy.
[info] 
[debug] [2022-05-02T05:34:04.039Z] >>> [apiv2][query] GET https://firebaserules.googleapis.com/v1/projects/prueba-tecnica-clima/releases pageSize=10&pageToken=
[debug] [2022-05-02T05:34:04.371Z] <<< [apiv2][status] GET https://firebaserules.googleapis.com/v1/projects/prueba-tecnica-clima/releases 200
[debug] [2022-05-02T05:34:04.371Z] <<< [apiv2][body] GET https://firebaserules.googleapis.com/v1/projects/prueba-tecnica-clima/releases {"releases":[{"name":"projects/prueba-tecnica-clima/releases/cloud.firestore","rulesetName":"projects/prueba-tecnica-clima/rulesets/039d38e6-826e-43bf-87fa-23e96bf8ba31","createTime":"2022-05-02T04:32:54.314483Z","updateTime":"2022-05-02T05:05:23.525571Z"}]}
[debug] [2022-05-02T05:34:04.371Z] Found ruleset: projects/prueba-tecnica-clima/rulesets/039d38e6-826e-43bf-87fa-23e96bf8ba31
[debug] [2022-05-02T05:34:04.371Z] >>> [apiv2][query] GET https://firebaserules.googleapis.com/v1/projects/prueba-tecnica-clima/rulesets/039d38e6-826e-43bf-87fa-23e96bf8ba31 [none]
[debug] [2022-05-02T05:34:04.597Z] <<< [apiv2][status] GET https://firebaserules.googleapis.com/v1/projects/prueba-tecnica-clima/rulesets/039d38e6-826e-43bf-87fa-23e96bf8ba31 200
[debug] [2022-05-02T05:34:04.597Z] <<< [apiv2][body] GET https://firebaserules.googleapis.com/v1/projects/prueba-tecnica-clima/rulesets/039d38e6-826e-43bf-87fa-23e96bf8ba31 [omitted]
[info] 
[info] Firestore indexes allow you to perform complex queries while
[info] maintaining performance that scales with the size of the result
[info] set. You can keep index definitions in your project directory
[info] and publish them with firebase deploy.
[info] 
[debug] [2022-05-02T05:34:09.076Z] > refreshing access token with scopes: ["email","https://www.googleapis.com/auth/cloud-platform","https://www.googleapis.com/auth/cloudplatformprojects.readonly","https://www.googleapis.com/auth/firebase","openid"]
[debug] [2022-05-02T05:34:09.076Z] >>> HTTP REQUEST POST https://www.googleapis.com/oauth2/v3/token  
 <request body omitted>
[debug] [2022-05-02T05:34:09.076Z] > refreshing access token with scopes: ["email","https://www.googleapis.com/auth/cloud-platform","https://www.googleapis.com/auth/cloudplatformprojects.readonly","https://www.googleapis.com/auth/firebase","openid"]
[debug] [2022-05-02T05:34:09.076Z] >>> HTTP REQUEST POST https://www.googleapis.com/oauth2/v3/token  
 <request body omitted>
[debug] [2022-05-02T05:34:09.211Z] <<< HTTP RESPONSE 200 {"expires":"Mon, 01 Jan 1990 00:00:00 GMT","date":"Mon, 02 May 2022 05:34:09 GMT","cache-control":"no-cache, no-store, max-age=0, must-revalidate","pragma":"no-cache","content-type":"application/json; charset=utf-8","vary":"X-Origin, Referer, Origin,Accept-Encoding","server":"scaffolding on HTTPServer2","x-xss-protection":"0","x-frame-options":"SAMEORIGIN","x-content-type-options":"nosniff","alt-svc":"h3=\":443\"; ma=2592000,h3-29=\":443\"; ma=2592000,h3-Q050=\":443\"; ma=2592000,h3-Q046=\":443\"; ma=2592000,h3-Q043=\":443\"; ma=2592000,quic=\":443\"; ma=2592000; v=\"46,43\"","accept-ranges":"none","transfer-encoding":"chunked"}
[debug] [2022-05-02T05:34:09.221Z] >>> HTTP REQUEST GET https://firestore.googleapis.com/v1/projects/prueba-tecnica-clima/databases/(default)/collectionGroups/-/fields?filter=indexConfig.usesAncestorConfig=false  
 
[debug] [2022-05-02T05:34:09.222Z] <<< HTTP RESPONSE 200 {"expires":"Mon, 01 Jan 1990 00:00:00 GMT","date":"Mon, 02 May 2022 05:34:09 GMT","pragma":"no-cache","cache-control":"no-cache, no-store, max-age=0, must-revalidate","content-type":"application/json; charset=utf-8","vary":"X-Origin, Referer, Origin,Accept-Encoding","server":"scaffolding on HTTPServer2","x-xss-protection":"0","x-frame-options":"SAMEORIGIN","x-content-type-options":"nosniff","alt-svc":"h3=\":443\"; ma=2592000,h3-29=\":443\"; ma=2592000,h3-Q050=\":443\"; ma=2592000,h3-Q046=\":443\"; ma=2592000,h3-Q043=\":443\"; ma=2592000,quic=\":443\"; ma=2592000; v=\"46,43\"","accept-ranges":"none","transfer-encoding":"chunked"}
[debug] [2022-05-02T05:34:09.231Z] >>> HTTP REQUEST GET https://firestore.googleapis.com/v1/projects/prueba-tecnica-clima/databases/(default)/collectionGroups/-/indexes  
 
[debug] [2022-05-02T05:34:09.876Z] <<< HTTP RESPONSE 200 {"content-type":"application/json; charset=UTF-8","vary":"X-Origin, Referer, Origin,Accept-Encoding","date":"Mon, 02 May 2022 05:34:10 GMT","server":"ESF","cache-control":"private","x-xss-protection":"0","x-frame-options":"SAMEORIGIN","x-content-type-options":"nosniff","alt-svc":"h3=\":443\"; ma=2592000,h3-29=\":443\"; ma=2592000,h3-Q050=\":443\"; ma=2592000,h3-Q046=\":443\"; ma=2592000,h3-Q043=\":443\"; ma=2592000,quic=\":443\"; ma=2592000; v=\"46,43\"","accept-ranges":"none","transfer-encoding":"chunked"}
[debug] [2022-05-02T05:34:09.885Z] <<< HTTP RESPONSE 200 {"content-type":"application/json; charset=UTF-8","vary":"X-Origin, Referer, Origin,Accept-Encoding","date":"Mon, 02 May 2022 05:34:10 GMT","server":"ESF","cache-control":"private","x-xss-protection":"0","x-frame-options":"SAMEORIGIN","x-content-type-options":"nosniff","alt-svc":"h3=\":443\"; ma=2592000,h3-29=\":443\"; ma=2592000,h3-Q050=\":443\"; ma=2592000,h3-Q046=\":443\"; ma=2592000,h3-Q043=\":443\"; ma=2592000,quic=\":443\"; ma=2592000; v=\"46,43\"","accept-ranges":"none","transfer-encoding":"chunked"}
[info] 
=== Functions Setup
[info] 
[info] A functions directory will be created in your project with sample code
[info] pre-configured. Functions can be deployed with firebase deploy.
[info] 
[debug] [2022-05-02T05:34:09.888Z] > command requires scopes: ["email","openid","https://www.googleapis.com/auth/cloudplatformprojects.readonly","https://www.googleapis.com/auth/firebase","https://www.googleapis.com/auth/cloud-platform"]
[debug] [2022-05-02T05:34:09.888Z] > authorizing via signed-in user (martzluna.hm@gmail.com)
[debug] [2022-05-02T05:34:09.889Z] [iam] checking project prueba-tecnica-clima for permissions ["firebase.projects.get"]
[debug] [2022-05-02T05:34:09.889Z] > refreshing access token with scopes: []
[debug] [2022-05-02T05:34:09.889Z] >>> HTTP REQUEST POST https://www.googleapis.com/oauth2/v3/token  
 <request body omitted>
[debug] [2022-05-02T05:34:10.037Z] <<< HTTP RESPONSE 200 {"cache-control":"no-cache, no-store, max-age=0, must-revalidate","date":"Mon, 02 May 2022 05:34:10 GMT","expires":"Mon, 01 Jan 1990 00:00:00 GMT","pragma":"no-cache","content-type":"application/json; charset=utf-8","vary":"X-Origin, Referer, Origin,Accept-Encoding","server":"scaffolding on HTTPServer2","x-xss-protection":"0","x-frame-options":"SAMEORIGIN","x-content-type-options":"nosniff","alt-svc":"h3=\":443\"; ma=2592000,h3-29=\":443\"; ma=2592000,h3-Q050=\":443\"; ma=2592000,h3-Q046=\":443\"; ma=2592000,h3-Q043=\":443\"; ma=2592000,quic=\":443\"; ma=2592000; v=\"46,43\"","accept-ranges":"none","transfer-encoding":"chunked"}
[debug] [2022-05-02T05:34:10.047Z] >>> [apiv2][query] POST https://cloudresourcemanager.googleapis.com/v1/projects/prueba-tecnica-clima:testIamPermissions [none]
[debug] [2022-05-02T05:34:10.047Z] >>> [apiv2][body] POST https://cloudresourcemanager.googleapis.com/v1/projects/prueba-tecnica-clima:testIamPermissions {"permissions":["firebase.projects.get"]}
[debug] [2022-05-02T05:34:10.449Z] <<< [apiv2][status] POST https://cloudresourcemanager.googleapis.com/v1/projects/prueba-tecnica-clima:testIamPermissions 200
[debug] [2022-05-02T05:34:10.449Z] <<< [apiv2][body] POST https://cloudresourcemanager.googleapis.com/v1/projects/prueba-tecnica-clima:testIamPermissions {"permissions":["firebase.projects.get"]}
[debug] [2022-05-02T05:34:10.450Z] >>> [apiv2][query] GET https://serviceusage.googleapis.com/v1/projects/prueba-tecnica-clima/services/cloudfunctions.googleapis.com [none]
[debug] [2022-05-02T05:34:10.450Z] >>> [apiv2][query] GET https://serviceusage.googleapis.com/v1/projects/prueba-tecnica-clima/services/runtimeconfig.googleapis.com [none]
[debug] [2022-05-02T05:34:11.008Z] <<< [apiv2][status] GET https://serviceusage.googleapis.com/v1/projects/prueba-tecnica-clima/services/cloudfunctions.googleapis.com 200
[debug] [2022-05-02T05:34:11.008Z] <<< [apiv2][body] GET https://serviceusage.googleapis.com/v1/projects/prueba-tecnica-clima/services/cloudfunctions.googleapis.com [omitted]
[debug] [2022-05-02T05:34:11.009Z] >>> [apiv2][query] POST https://serviceusage.googleapis.com/v1/projects/prueba-tecnica-clima/services/cloudfunctions.googleapis.com:enable [none]
[debug] [2022-05-02T05:34:11.011Z] <<< [apiv2][status] GET https://serviceusage.googleapis.com/v1/projects/prueba-tecnica-clima/services/runtimeconfig.googleapis.com 200
[debug] [2022-05-02T05:34:11.011Z] <<< [apiv2][body] GET https://serviceusage.googleapis.com/v1/projects/prueba-tecnica-clima/services/runtimeconfig.googleapis.com [omitted]
[debug] [2022-05-02T05:34:12.227Z] <<< [apiv2][status] POST https://serviceusage.googleapis.com/v1/projects/prueba-tecnica-clima/services/cloudfunctions.googleapis.com:enable 200
[debug] [2022-05-02T05:34:12.227Z] <<< [apiv2][body] POST https://serviceusage.googleapis.com/v1/projects/prueba-tecnica-clima/services/cloudfunctions.googleapis.com:enable [omitted]
[debug] [2022-05-02T05:34:22.228Z] >>> [apiv2][query] GET https://serviceusage.googleapis.com/v1/projects/prueba-tecnica-clima/services/cloudfunctions.googleapis.com [none]
[debug] [2022-05-02T05:34:22.763Z] <<< [apiv2][status] GET https://serviceusage.googleapis.com/v1/projects/prueba-tecnica-clima/services/cloudfunctions.googleapis.com 200
[debug] [2022-05-02T05:34:22.763Z] <<< [apiv2][body] GET https://serviceusage.googleapis.com/v1/projects/prueba-tecnica-clima/services/cloudfunctions.googleapis.com [omitted]
[info] +  Wrote functions/package.json 
[info] +  Wrote functions/index.js 
[info] +  Wrote functions/.gitignore 
[info] 
=== Hosting Setup
[info] 
[info] Your public directory is the folder (relative to your project directory) that
[info] will contain Hosting assets to be uploaded with firebase deploy. If you
[info] have a build process for your assets, use your build's output directory.
[info] 
[debug] [2022-05-02T05:35:36.022Z] >>> [apiv2][query] GET https://www.gstatic.com/firebasejs/releases.json [none]
[debug] [2022-05-02T05:35:36.091Z] <<< [apiv2][status] GET https://www.gstatic.com/firebasejs/releases.json 200
[debug] [2022-05-02T05:35:36.091Z] <<< [apiv2][body] GET https://www.gstatic.com/firebasejs/releases.json {"current":{"version":"9.7.0","browserURL":"https://www.gstatic.com/firebasejs/9.7.0/firebase.js","packageURL":"https://www.gstatic.com/firebasejs/9.7.0/firebase.tgz"},"live":{"version":"9.7","browserURL":"https://www.gstatic.com/firebasejs/live/9.7/firebase.js","packageURL":"https://www.gstatic.com/firebasejs/live/9.7/firebase.tgz"},"components":{"analytics":"https://www.gstatic.com/firebasejs/9.7.0/firebase-analytics.js","app":"https://www.gstatic.com/firebasejs/9.7.0/firebase-app.js","app-check":"https://www.gstatic.com/firebasejs/9.7.0/firebase-app-check.js","auth":"https://www.gstatic.com/firebasejs/9.7.0/firebase-auth.js","auth/cordova":"https://www.gstatic.com/firebasejs/9.7.0/firebase-auth/cordova.js","auth/react-native":"https://www.gstatic.com/firebasejs/9.7.0/firebase-auth/react-native.js","functions":"https://www.gstatic.com/firebasejs/9.7.0/firebase-functions.js","firestore":"https://www.gstatic.com/firebasejs/9.7.0/firebase-firestore.js","firestore/lite":"https://www.gstatic.com/firebasejs/9.7.0/firebase-firestore/lite.js","storage":"https://www.gstatic.com/firebasejs/9.7.0/firebase-storage.js","performance":"https://www.gstatic.com/firebasejs/9.7.0/firebase-performance.js","remote-config":"https://www.gstatic.com/firebasejs/9.7.0/firebase-remote-config.js","messaging":"https://www.gstatic.com/firebasejs/9.7.0/firebase-messaging.js","messaging/sw":"https://www.gstatic.com/firebasejs/9.7.0/firebase-messaging/sw.js","database":"https://www.gstatic.com/firebasejs/9.7.0/firebase-database.js","firestore.memory":"https://www.gstatic.com/firebasejs/9.7.0/firebase-firestore.memory.js"}}
